<?xml version="1.0" encoding="UTF-8"?>
<!-- Generated by org.testng.reporters.JUnitXMLReporter -->
<testsuite hostname="DESKTOP-40D4PUO" ignored="0" name="TestNGrun" tests="3" failures="0" timestamp="2019-12-21T11:09:13 IST" time="58.313" errors="0">
  <testcase name="createlead" time="57.29" classname="day9.classroom.CreateLead"/>
  <testcase name="deletelead" time="58.075" classname="day9.classroom.DeleteLead"/>
  <testcase name="editlead" time="58.231" classname="day9.classroom.EditLead"/>
</testsuite> <!-- TestNGrun -->
